<?xml version="1.0" encoding="UTF-8"?>
<!-- Generated by org.testng.reporters.JUnitReportReporter -->
<testsuite skipped="0" hostname="Philbin" name="GoogleTest.TC_001" tests="2" failures="0" timestamp="25 Nov 2019 04:15:17 GMT" time="30.267" errors="0">
  <testcase name="Test_2" time="18.378" classname="GoogleTest.TC_001"/>
  <testcase name="Test_1" time="11.889" classname="GoogleTest.TC_001"/>
</testsuite> <!-- GoogleTest.TC_001 -->
